[debug] [2024-04-02T04:03:25.190Z] ----------------------------------------------------------------------
[debug] [2024-04-02T04:03:25.192Z] Command:       /usr/local/bin/firebase /Users/sachinwedasinghe/.cache/firebase/tools/lib/node_modules/firebase-tools/lib/bin/firebase init
[debug] [2024-04-02T04:03:25.193Z] CLI Version:   13.6.0
[debug] [2024-04-02T04:03:25.193Z] Platform:      darwin
[debug] [2024-04-02T04:03:25.193Z] Node Version:  v18.5.0
[debug] [2024-04-02T04:03:25.194Z] Time:          Tue Apr 02 2024 15:03:25 GMT+1100 (Australian Eastern Daylight Time)
[debug] [2024-04-02T04:03:25.194Z] ----------------------------------------------------------------------
[debug] 
[debug] [2024-04-02T04:03:25.201Z] > command requires scopes: ["email","openid","https://www.googleapis.com/auth/cloudplatformprojects.readonly","https://www.googleapis.com/auth/firebase","https://www.googleapis.com/auth/cloud-platform"]
[debug] [2024-04-02T04:03:25.202Z] > authorizing via signed-in user (sandunimahathanthila@gmail.com)
[info] 
     ######## #### ########  ######## ########     ###     ######  ########
     ##        ##  ##     ## ##       ##     ##  ##   ##  ##       ##
     ######    ##  ########  ######   ########  #########  ######  ######
     ##        ##  ##    ##  ##       ##     ## ##     ##       ## ##
     ##       #### ##     ## ######## ########  ##     ##  ######  ########

You're about to initialize a Firebase project in this directory:

  /Users/sachinwedasinghe/Documents/GitHub/sarascare_py/sarascare_py

[info] 
=== Project Setup
[info] 
[info] First, let's associate this project directory with a Firebase project.
[info] You can create multiple project aliases by running firebase use --add, 
[info] but for now we'll just set up a default project.
[info] 
[debug] [2024-04-02T04:03:50.769Z] >>> [apiv2][query] GET https://firebase.googleapis.com/v1beta1/projects pageSize=100
[debug] [2024-04-02T04:03:52.201Z] <<< [apiv2][status] GET https://firebase.googleapis.com/v1beta1/projects 200
[debug] [2024-04-02T04:03:52.202Z] <<< [apiv2][body] GET https://firebase.googleapis.com/v1beta1/projects [omitted]
[info] i  Using project sarascare-py (SarasCare Py) 
[info] 
=== Hosting Setup
[debug] [2024-04-02T04:03:59.686Z] >>> [apiv2][query] GET https://firebase.googleapis.com/v1beta1/projects/sarascare-py [none]
[debug] [2024-04-02T04:04:00.180Z] <<< [apiv2][status] GET https://firebase.googleapis.com/v1beta1/projects/sarascare-py 200
[debug] [2024-04-02T04:04:00.181Z] <<< [apiv2][body] GET https://firebase.googleapis.com/v1beta1/projects/sarascare-py {"projectId":"sarascare-py","projectNumber":"291054721223","displayName":"SarasCare Py","name":"projects/sarascare-py","resources":{"hostingSite":"sarascare-py"},"state":"ACTIVE","etag":"1_28f8b150-941a-4496-850a-edc9c73e19aa"}
[info] 
[info] Your public directory is the folder (relative to your project directory) that
[info] will contain Hosting assets to be uploaded with firebase deploy. If you
[info] have a build process for your assets, use your build's output directory.
[info] 
[debug] [2024-04-02T04:05:33.701Z] >>> [apiv2][query] GET https://www.gstatic.com/firebasejs/releases.json [none]
[debug] [2024-04-02T04:05:33.919Z] <<< [apiv2][status] GET https://www.gstatic.com/firebasejs/releases.json 200
[debug] [2024-04-02T04:05:33.919Z] <<< [apiv2][body] GET https://www.gstatic.com/firebasejs/releases.json {"current":{"version":"10.10.0","browserURL":"https://www.gstatic.com/firebasejs/10.10.0/firebase.js","packageURL":"https://www.gstatic.com/firebasejs/10.10.0/firebase.tgz"},"live":{"version":"10.10","browserURL":"https://www.gstatic.com/firebasejs/live/10.10/firebase.js","packageURL":"https://www.gstatic.com/firebasejs/live/10.10/firebase.tgz"},"components":{"analytics":"https://www.gstatic.com/firebasejs/10.10.0/firebase-analytics.js","app":"https://www.gstatic.com/firebasejs/10.10.0/firebase-app.js","app-check":"https://www.gstatic.com/firebasejs/10.10.0/firebase-app-check.js","auth":"https://www.gstatic.com/firebasejs/10.10.0/firebase-auth.js","auth/cordova":"https://www.gstatic.com/firebasejs/10.10.0/firebase-auth/cordova.js","auth/web-extension":"https://www.gstatic.com/firebasejs/10.10.0/firebase-auth/web-extension.js","functions":"https://www.gstatic.com/firebasejs/10.10.0/firebase-functions.js","firestore":"https://www.gstatic.com/firebasejs/10.10.0/firebase-firestore.js","firestore/lite":"https://www.gstatic.com/firebasejs/10.10.0/firebase-firestore/lite.js","installations":"https://www.gstatic.com/firebasejs/10.10.0/firebase-installations.js","storage":"https://www.gstatic.com/firebasejs/10.10.0/firebase-storage.js","performance":"https://www.gstatic.com/firebasejs/10.10.0/firebase-performance.js","remote-config":"https://www.gstatic.com/firebasejs/10.10.0/firebase-remote-config.js","messaging":"https://www.gstatic.com/firebasejs/10.10.0/firebase-messaging.js","messaging/sw":"https://www.gstatic.com/firebasejs/10.10.0/firebase-messaging/sw.js","database":"https://www.gstatic.com/firebasejs/10.10.0/firebase-database.js","firestore.memory":"https://www.gstatic.com/firebasejs/10.10.0/firebase-firestore.memory.js"}}
[info] ✔  Wrote public/index.html 
[info] 
[info] i  Detected a .git folder at /Users/sachinwedasinghe/Documents/GitHub/sarascare_py 
[info] i  Authorizing with GitHub to upload your service account to a GitHub repository's secrets store. 
[info] 
[info] Visit this URL on this device to log in:
[info] https://github.com/login/oauth/authorize?client_id=89cf50f02ac6aaed3484&state=883249073&redirect_uri=http%3A%2F%2Flocalhost%3A9005&scope=read%3Auser%20repo%20public_repo
[info] 
[info] Waiting for authentication...
[debug] [2024-04-02T04:06:16.648Z] >>> [apiv2][query] POST https://github.com/login/oauth/access_token [none]
[debug] [2024-04-02T04:06:16.649Z] >>> [apiv2][body] POST https://github.com/login/oauth/access_token [stream]
[debug] [2024-04-02T04:06:17.047Z] <<< [apiv2][status] POST https://github.com/login/oauth/access_token 200
[debug] [2024-04-02T04:06:17.047Z] <<< [apiv2][body] POST https://github.com/login/oauth/access_token {"access_token":"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","token_type":"bearer","scope":"read:user,repo"}
[debug] [2024-04-02T04:06:17.111Z] >>> [apiv2][query] GET https://api.github.com/user [none]
[debug] [2024-04-02T04:06:17.485Z] <<< [apiv2][status] GET https://api.github.com/user 200
[debug] [2024-04-02T04:06:17.485Z] <<< [apiv2][body] GET https://api.github.com/user {"login":"sanduni-sc","id":160084198,"node_id":"U_kgDOCYqw5g","avatar_url":"https://avatars.githubusercontent.com/u/160084198?v=4","gravatar_id":"","url":"https://api.github.com/users/sanduni-sc","html_url":"https://github.com/sanduni-sc","followers_url":"https://api.github.com/users/sanduni-sc/followers","following_url":"https://api.github.com/users/sanduni-sc/following{/other_user}","gists_url":"https://api.github.com/users/sanduni-sc/gists{/gist_id}","starred_url":"https://api.github.com/users/sanduni-sc/starred{/owner}{/repo}","subscriptions_url":"https://api.github.com/users/sanduni-sc/subscriptions","organizations_url":"https://api.github.com/users/sanduni-sc/orgs","repos_url":"https://api.github.com/users/sanduni-sc/repos","events_url":"https://api.github.com/users/sanduni-sc/events{/privacy}","received_events_url":"https://api.github.com/users/sanduni-sc/received_events","type":"User","site_admin":false,"name":null,"company":null,"blog":"","location":null,"email":null,"hireable":null,"bio":null,"twitter_username":null,"public_repos":3,"public_gists":0,"followers":0,"following":0,"created_at":"2024-02-15T00:58:13Z","updated_at":"2024-02-28T04:40:33Z","private_gists":0,"total_private_repos":1,"owned_private_repos":1,"disk_usage":132873,"collaborators":0,"two_factor_authentication":false,"plan":{"name":"free","space":976562499,"collaborators":0,"private_repos":10000}}
[info] 
[info] ✔  Success! Logged into GitHub as sanduni-sc 
[info] 
[debug] [2024-04-02T04:06:38.802Z] >>> [apiv2][query] GET https://api.github.com/repos/sanduni-sc/actions/secrets/public-key type=owner
[debug] [2024-04-02T04:06:38.804Z] >>> [apiv2][query] GET https://api.github.com/repos///actions/secrets/public-key type=owner
[debug] [2024-04-02T04:06:39.154Z] <<< [apiv2][status] GET https://api.github.com/repos/sanduni-sc/actions/secrets/public-key 404
[debug] [2024-04-02T04:06:39.155Z] <<< [apiv2][body] GET https://api.github.com/repos/sanduni-sc/actions/secrets/public-key {"message":"Not Found","documentation_url":"https://docs.github.com/rest"}
[info] 
[info] 
[error] ⚠  The provided authorization cannot be used with this repository. If this repository is in an organization, did you remember to grant access? 
[info] 
[info] i  Action required: Visit this URL to ensure access has been granted to the appropriate organization(s) for the Firebase CLI GitHub OAuth App: 
[info] https://github.com/settings/connections/applications/89cf50f02ac6aaed3484
[info] 
[debug] [2024-04-02T04:06:39.157Z] <<< [apiv2][status] GET https://api.github.com/repos///actions/secrets/public-key 404
[debug] [2024-04-02T04:06:39.157Z] <<< [apiv2][body] GET https://api.github.com/repos///actions/secrets/public-key {"message":"Not Found","documentation_url":"https://docs.github.com/rest"}
[info] 
[info] 
[error] ⚠  The provided authorization cannot be used with this repository. If this repository is in an organization, did you remember to grant access? 
[info] 
[info] i  Action required: Visit this URL to ensure access has been granted to the appropriate organization(s) for the Firebase CLI GitHub OAuth App: 
[info] https://github.com/settings/connections/applications/89cf50f02ac6aaed3484
[info] 
